{
  "RSpec": {
    "coverage": {
      "/Users/maliciousmind/Dropbox/Development/interview-exercises/HS:24/postcode_checker/app/helpers/application_helper.rb": {
        "lines": [
          1,
          null
        ]
      },
      "/Users/maliciousmind/Dropbox/Development/interview-exercises/HS:24/postcode_checker/app/controllers/application_controller.rb": {
        "lines": [
          0,
          0
        ],
        "branches": {
        }
      },
      "/Users/maliciousmind/Dropbox/Development/interview-exercises/HS:24/postcode_checker/app/controllers/dashboard_controller.rb": {
        "lines": [
          0,
          0,
          0,
          0
        ],
        "branches": {
        }
      }
    },
    "timestamp": 1605026386
  }
}
